#
# A fatal error has been detected by the Java Runtime Environment:
#
#  EXCEPTION_ACCESS_VIOLATION (0xc0000005) at pc=0x000001ee6adcf289, pid=14716, tid=7592
#
# JRE version: Java(TM) SE Runtime Environment (19.0.2+7) (build 19.0.2+7-44)
# Java VM: Java HotSpot(TM) 64-Bit Server VM (19.0.2+7-44, mixed mode, sharing, tiered, compressed oops, compressed class ptrs, g1 gc, windows-amd64)
# Problematic frame:
# j  java.awt.image.DataBufferInt.<init>(I)V+18 java.desktop@19.0.2
#
# No core dump will be written. Minidumps are not enabled by default on client versions of Windows
#
# If you would like to submit a bug report, please visit:
#   https://bugreport.java.com/bugreport/crash.jsp
#

---------------  S U M M A R Y ------------

Command Line: -javaagent:C:\Program Files\JetBrains\IntelliJ IDEA 2022.3.2\lib\idea_rt.jar=61048:C:\Program Files\JetBrains\IntelliJ IDEA 2022.3.2\bin -Dfile.encoding=UTF-8 -Dsun.stdout.encoding=UTF-8 -Dsun.stderr.encoding=UTF-8 com.hotelManagementSystem.HotelManagementSys

Host: Intel(R) Core(TM) i5-10210U CPU @ 1.60GHz, 8 cores, 15G,  Windows 11 , 64 bit Build 22621 (10.0.22621.1194)
Time: Sat Mar  4 18:14:24 2023 SE Asia Standard Time elapsed time: 0.801435 seconds (0d 0h 0m 0s)

---------------  T H R E A D  ---------------

Current thread (0x000001ee7ee4ebb0):  JavaThread "Image Fetcher 0" daemon [_thread_in_Java, id=7592, stack(0x0000002b50400000,0x0000002b50500000)]

Stack: [0x0000002b50400000,0x0000002b50500000],  sp=0x0000002b504fdf18,  free space=1015k
Native frames: (J=compiled Java code, j=interpreted, Vv=VM code, C=native code)
C  0x000001ee6adcf289


siginfo: EXCEPTION_ACCESS_VIOLATION (0xc0000005), writing address 0x000000072960b390


Registers:
RAX=0x00000000e25955ce, RBX=0x0000000712caae70, RCX=0x000000071160b368, RDX=0x000000072960b390
RSP=0x0000002b504fdf18, RBP=0x0000002b504fdf60, RSI=0x0000000000000000, RDI=0x000001ee0056dfe8
R8 =0x0000000000000000, R9 =0x000001ee7ee4ebb0, R10=0x00007ffdafdd2ea0, R11=0x0000000000000018
R12=0x0000000000000000, R13=0x000001ee0054d7ad, R14=0x0000002b504fdf78, R15=0x000001ee7ee4ebb0
RIP=0x000001ee6adcf289, EFLAGS=0x0000000000010202


Register to memory mapping:

RIP=0x000001ee6adcf289 is at code_begin+1225 in an Interpreter codelet
fast_aputfield  211 fast_aputfield  [0x000001ee6adcedc0, 0x000001ee6adcf360]  1440 bytes
RAX=3797505486 is a compressed pointer to object: [[I 
{0x0000000712caae70} - klass: {type array int}[]
 - length: 1
RBX=0x0000000712caae70 is an oop: [[I 
{0x0000000712caae70} - klass: {type array int}[]
 - length: 1
RCX=0x000000071160b368 is an oop: java.awt.image.DataBufferInt 
{0x000000071160b368} - klass: 'java/awt/image/DataBufferInt'
 - ---- fields (total size 6 words):
 - protected 'dataType' 'I' @12  3
 - protected 'banks' 'I' @16  1
 - protected 'offset' 'I' @20  0
 - protected 'size' 'I' @24  175000 (2ab98)
 - protected 'offsets' '[I' @28  [I{0x0000000711523d18} (e22a47a3)
 - 'theTrackable' 'Lsun/java2d/StateTrackableDelegate;' @32  a 'sun/java2d/StateTrackableDelegate'{0x0000000711523d30} (e22a47a6)
 - 'data' '[I' @36  [I{0x0000000712c00000} (e2580000)
 - 'bankdata' '[[I' @40  NULL (0)
RDX=0x000000072960b390 is an unallocated location in the heap
RSP=0x0000002b504fdf18 is pointing into the stack for thread: 0x000001ee7ee4ebb0
RBP=0x0000002b504fdf60 is pointing into the stack for thread: 0x000001ee7ee4ebb0
RSI=0x0 is NULL
RDI=0x000001ee0056dfe8 is pointing into metadata
R8 =0x0 is NULL
R9 =0x000001ee7ee4ebb0 is a thread
R10=0x00007ffdafdd2ea0 jvm.dll
R11=0x0000000000000018 is an unknown value
R12=0x0 is NULL
R13=0x000001ee0054d7ad is pointing into metadata
R14=0x0000002b504fdf78 is pointing into the stack for thread: 0x000001ee7ee4ebb0
R15=0x000001ee7ee4ebb0 is a thread


Top of Stack: (sp=0x0000002b504fdf18)
0x0000002b504fdf18:   0000002b504fdf18 000001ee0054d7aa
0x0000002b504fdf28:   0000002b504fdf78 000001ee00550638
0x0000002b504fdf38:   0000000000000000 000000071160b2f8
0x0000002b504fdf48:   000001ee0054d7e0 0000000000000000
0x0000002b504fdf58:   0000002b504fdf70 0000002b504fdfd0
0x0000002b504fdf68:   000001ee6adbb796 000000000002ab98
0x0000002b504fdf78:   000000071160b368 000000071160b368
0x0000002b504fdf88:   0000002b504fdf88 000001ee0054932d
0x0000002b504fdf98:   0000002b504fe008 000001ee0054c430
0x0000002b504fdfa8:   0000000000000000 000000071160b398
0x0000002b504fdfb8:   000001ee005493d0 0000002b504fdf70
0x0000002b504fdfc8:   0000002b504fdfe8 0000002b504fe058
0x0000002b504fdfd8:   000001ee6adbb8ef 0000000000000000
0x0000002b504fdfe8:   0000000000000000 000000071160b408
0x0000002b504fdff8:   000000000000015e 00000000000001f4
0x0000002b504fe008:   0000000000000003 0000002b504fe010 

Instructions: (pc=0x000001ee6adcf289)
0x000001ee6adcf189:   bc 24 c8 00 00 00 49 8b d7 48 8b cb 48 83 ec 20
0x000001ee6adcf199:   40 f6 c4 0f 0f 84 1a 00 00 00 48 83 ec 08 49 ba
0x000001ee6adcf1a9:   b0 1e 4f af fd 7f 00 00 41 ff d2 48 83 c4 08 e9
0x000001ee6adcf1b9:   0d 00 00 00 49 ba b0 1e 4f af fd 7f 00 00 41 ff
0x000001ee6adcf1c9:   d2 48 83 c4 20 c5 7b 10 bc 24 c8 00 00 00 c5 7b
0x000001ee6adcf1d9:   10 b4 24 c0 00 00 00 c5 7b 10 ac 24 b8 00 00 00
0x000001ee6adcf1e9:   c5 7b 10 a4 24 b0 00 00 00 c5 7b 10 9c 24 a8 00
0x000001ee6adcf1f9:   00 00 c5 7b 10 94 24 a0 00 00 00 c5 7b 10 8c 24
0x000001ee6adcf209:   98 00 00 00 c5 7b 10 84 24 90 00 00 00 c5 fb 10
0x000001ee6adcf219:   bc 24 88 00 00 00 c5 fb 10 b4 24 80 00 00 00 c5
0x000001ee6adcf229:   fb 10 6c 24 78 c5 fb 10 64 24 70 c5 fb 10 5c 24
0x000001ee6adcf239:   68 c5 fb 10 54 24 60 c5 fb 10 4c 24 58 c5 fb 10
0x000001ee6adcf249:   44 24 50 4c 8b 5c 24 40 4c 8b 54 24 38 4c 8b 4c
0x000001ee6adcf259:   24 30 4c 8b 44 24 28 48 8b 7c 24 20 48 8b 74 24
0x000001ee6adcf269:   18 48 8b 54 24 10 48 8b 4c 24 08 48 8b 04 24 48
0x000001ee6adcf279:   81 c4 d0 00 00 00 c5 f8 77 48 8b d8 48 c1 e8 03
0x000001ee6adcf289:   89 02 4c 8b c2 4c 33 c3 49 c1 e8 15 0f 84 ac 00
0x000001ee6adcf299:   00 00 48 83 fb 00 0f 84 a2 00 00 00 4c 8b c2 49
0x000001ee6adcf2a9:   c1 e8 09 48 bb 00 80 b8 6f ee 01 00 00 4c 03 c3
0x000001ee6adcf2b9:   41 80 38 04 0f 84 84 00 00 00 f0 83 44 24 c0 00
0x000001ee6adcf2c9:   41 80 38 00 0f 84 74 00 00 00 41 c6 00 00 49 8b
0x000001ee6adcf2d9:   5f 48 48 85 db 0f 84 14 00 00 00 48 83 eb 08 49
0x000001ee6adcf2e9:   89 5f 48 49 03 5f 58 4c 89 03 e9 4f 00 00 00 48
0x000001ee6adcf2f9:   83 ec 10 48 89 14 24 49 8b d7 49 8b c8 48 83 ec
0x000001ee6adcf309:   20 40 f6 c4 0f 0f 84 1a 00 00 00 48 83 ec 08 49
0x000001ee6adcf319:   ba 90 1e 4f af fd 7f 00 00 41 ff d2 48 83 c4 08
0x000001ee6adcf329:   e9 0d 00 00 00 49 ba 90 1e 4f af fd 7f 00 00 41
0x000001ee6adcf339:   ff d2 48 83 c4 20 48 8b 14 24 48 83 c4 10 41 0f
0x000001ee6adcf349:   b6 5d 03 49 83 c5 03 49 ba a0 36 dd af fd 7f 00
0x000001ee6adcf359:   00 41 ff 24 da 66 90 a0 9a b2 af fd 7f 00 00 78
0x000001ee6adcf369:   00 00 00 d4 00 00 00 00 00 00 00 00 00 00 00 00
0x000001ee6adcf379:   00 00 00 00 00 00 00 8b 04 24 48 83 c4 08 41 0f 


Stack slot to memory mapping:
stack at sp + 0 slots: 0x0000002b504fdf18 is pointing into the stack for thread: 0x000001ee7ee4ebb0
stack at sp + 1 slots: 0x000001ee0054d7aa is pointing into metadata
stack at sp + 2 slots: 0x0000002b504fdf78 is pointing into the stack for thread: 0x000001ee7ee4ebb0
stack at sp + 3 slots: 0x000001ee00550638 is pointing into metadata
stack at sp + 4 slots: 0x0 is NULL
stack at sp + 5 slots: 0x000000071160b2f8 is an oop: java.lang.Class 
{0x000000071160b2f8} - klass: 'java/lang/Class'
 - ---- fields (total size 14 words):
 - private volatile transient 'classRedefinedCount' 'I' @12  0
 - abstract internal 'klass' 'J' @16  34377086208 (108b500 8)
 - abstract internal 'array_klass' 'J' @24  0 (0 0)
 - abstract internal 'oop_size' 'I' @32  14 (e)
 - abstract internal 'static_oop_field_count' 'I' @36  0
 - private volatile transient 'cachedConstructor' 'Ljava/lang/reflect/Constructor;' @40  NULL (0)
 - private transient 'name' 'Ljava/lang/String;' @44  NULL (0)
 - private transient 'module' 'Ljava/lang/Module;' @48  a 'java/lang/Module'{0x000000071160ebe8} (e22c1d7d)
 - private final 'classLoader' 'Ljava/lang/ClassLoader;' @52  NULL (0)
 - private transient 'classData' 'Ljava/lang/Object;' @56  NULL (0)
 - private transient 'packageName' 'Ljava/lang/String;' @60  NULL (0)
 - private final 'componentType' 'Ljava/lang/Class;' @64  NULL (0)
 - private volatile transient 'reflectionData' 'Ljava/lang/ref/SoftReference;' @68  NULL (0)
 - private volatile transient 'genericInfo' 'Lsun/reflect/generics/repository/ClassRepository;' @72  NULL (0)
 - private volatile transient 'enumConstants' '[Ljava/lang/Object;' @76  NULL (0)
 - private volatile transient 'enumConstantDirectory' 'Ljava/util/Map;' @80  NULL (0)
 - private volatile transient 'annotationData' 'Ljava/lang/Class$AnnotationData;' @84  NULL (0)
 - private volatile transient 'annotationType' 'Lsun/reflect/annotation/AnnotationType;' @88  NULL (0)
 - transient 'classValueMap' 'Ljava/lang/ClassValue$ClassValueMap;' @92  NULL (0)
 - abstract internal 'protection_domain' 'Ljava/lang/Object;' @96  NULL (0)
 - abstract internal 'signers_name' 'Ljava/lang/Object;' @100  NULL (0)
 - abstract internal 'source_file' 'Ljava/lang/Object;' @104  NULL (0)
 - signature: Ljava/awt/image/DataBufferInt;
 - ---- static fields (0):
stack at sp + 6 slots: {method} {0x000001ee0054d7e8} '<init>' '(I)V' in 'java/awt/image/DataBufferInt'
stack at sp + 7 slots: 0x0 is NULL

fast_aputfield  211 fast_aputfield  [0x000001ee6adcedc0, 0x000001ee6adcf360]  1440 bytes
[MachCode]
  0x000001ee6adcedc0: 5841 0fb7 | 5d01 488b | 4dd0 c1e3 | 028b 54d9 | 4048 8b5c | d938 c1ea | 1583 e201 | 5948 3b01 
  0x000001ee6adcede0: 85d2 0f84 | b502 0000 | 488d 1419 | 4180 7f40 | 000f 84d6 | 0100 008b | 1a48 c1e3 | 0348 83fb 
  0x000001ee6adcee00: 000f 84c6 | 0100 004d | 8b47 2849 | 83f8 000f | 8414 0000 | 0049 83e8 | 084d 8947 | 284d 0347 
  0x000001ee6adcee20: 3849 8918 | e9a4 0100 | 0048 81ec | d000 0000 | 4889 0424 | 4889 4c24 | 0848 8954 | 2410 4889 
  0x000001ee6adcee40: 7424 1848 | 897c 2420 | 4c89 4424 | 284c 894c | 2430 4c89 | 5424 384c | 895c 2440 | c5fb 1144 
  0x000001ee6adcee60: 2450 c5fb | 114c 2458 | c5fb 1154 | 2460 c5fb | 115c 2468 | c5fb 1164 | 2470 c5fb | 116c 2478 
  0x000001ee6adcee80: c5fb 11b4 | 2480 0000 | 00c5 fb11 | bc24 8800 | 0000 c57b | 1184 2490 | 0000 00c5 | 7b11 8c24 
  0x000001ee6adceea0: 9800 0000 | c57b 1194 | 24a0 0000 | 00c5 7b11 | 9c24 a800 | 0000 c57b | 11a4 24b0 | 0000 00c5 
  0x000001ee6adceec0: 7b11 ac24 | b800 0000 | c57b 11b4 | 24c0 0000 | 00c5 7b11 | bc24 c800 | 0000 498b | d748 8bcb 
  0x000001ee6adceee0: 4883 ec20 | 40f6 c40f | 0f84 1a00 | 0000 4883 | ec08 49ba | b01e 4faf | fd7f 0000 | 41ff d248 
  0x000001ee6adcef00: 83c4 08e9 | 0d00 0000 | 49ba b01e | 4faf fd7f | 0000 41ff | d248 83c4 | 20c5 7b10 | bc24 c800 
  0x000001ee6adcef20: 0000 c57b | 10b4 24c0 | 0000 00c5 | 7b10 ac24 | b800 0000 | c57b 10a4 | 24b0 0000 | 00c5 7b10 
  0x000001ee6adcef40: 9c24 a800 | 0000 c57b | 1094 24a0 | 0000 00c5 | 7b10 8c24 | 9800 0000 | c57b 1084 | 2490 0000 
  0x000001ee6adcef60: 00c5 fb10 | bc24 8800 | 0000 c5fb | 10b4 2480 | 0000 00c5 | fb10 6c24 | 78c5 fb10 | 6424 70c5 
  0x000001ee6adcef80: fb10 5c24 | 68c5 fb10 | 5424 60c5 | fb10 4c24 | 58c5 fb10 | 4424 504c | 8b5c 2440 | 4c8b 5424 
  0x000001ee6adcefa0: 384c 8b4c | 2430 4c8b | 4424 2848 | 8b7c 2420 | 488b 7424 | 1848 8b54 | 2410 488b | 4c24 0848 
  0x000001ee6adcefc0: 8b04 2448 | 81c4 d000 | 0000 c5f8 | 7748 8bd8 | 48c1 e803 | 8902 4c8b | c24c 33c3 | 49c1 e815 
  0x000001ee6adcefe0: 0f84 ac00 | 0000 4883 | fb00 0f84 | a200 0000 | 4c8b c249 | c1e8 0948 | bb00 80b8 | 6fee 0100 
  0x000001ee6adcf000: 004c 03c3 | 4180 3804 | 0f84 8400 | 0000 f083 | 4424 c000 | 4180 3800 | 0f84 7400 | 0000 41c6 
  0x000001ee6adcf020: 0000 498b | 5f48 4885 | db0f 8414 | 0000 0048 | 83eb 0849 | 895f 4849 | 035f 584c | 8903 e94f 
  0x000001ee6adcf040: 0000 0048 | 83ec 1048 | 8914 2449 | 8bd7 498b | c848 83ec | 2040 f6c4 | 0f0f 841a | 0000 0048 
  0x000001ee6adcf060: 83ec 0849 | ba90 1e4f | affd 7f00 | 0041 ffd2 | 4883 c408 | e90d 0000 | 0049 ba90 | 1e4f affd 
  0x000001ee6adcf080: 7f00 0041 | ffd2 4883 | c420 488b | 1424 4883 | c410 f083 | 4424 c000 | e9aa 0200 | 0048 8d14 
  0x000001ee6adcf0a0: 1941 807f | 4000 0f84 | d601 0000 | 8b1a 48c1 | e303 4883 | fb00 0f84 | c601 0000 | 4d8b 4728 
  0x000001ee6adcf0c0: 4983 f800 | 0f84 1400 | 0000 4983 | e808 4d89 | 4728 4d03 | 4738 4989 | 18e9 a401 | 0000 4881 
  0x000001ee6adcf0e0: ecd0 0000 | 0048 8904 | 2448 894c | 2408 4889 | 5424 1048 | 8974 2418 | 4889 7c24 | 204c 8944 
  0x000001ee6adcf100: 2428 4c89 | 4c24 304c | 8954 2438 | 4c89 5c24 | 40c5 fb11 | 4424 50c5 | fb11 4c24 | 58c5 fb11 
  0x000001ee6adcf120: 5424 60c5 | fb11 5c24 | 68c5 fb11 | 6424 70c5 | fb11 6c24 | 78c5 fb11 | b424 8000 | 0000 c5fb 
  0x000001ee6adcf140: 11bc 2488 | 0000 00c5 | 7b11 8424 | 9000 0000 | c57b 118c | 2498 0000 | 00c5 7b11 | 9424 a000 
  0x000001ee6adcf160: 0000 c57b | 119c 24a8 | 0000 00c5 | 7b11 a424 | b000 0000 | c57b 11ac | 24b8 0000 | 00c5 7b11 
  0x000001ee6adcf180: b424 c000 | 0000 c57b | 11bc 24c8 | 0000 0049 | 8bd7 488b | cb48 83ec | 2040 f6c4 | 0f0f 841a 
  0x000001ee6adcf1a0: 0000 0048 | 83ec 0849 | bab0 1e4f | affd 7f00 | 0041 ffd2 | 4883 c408 | e90d 0000 | 0049 bab0 
  0x000001ee6adcf1c0: 1e4f affd | 7f00 0041 | ffd2 4883 | c420 c57b | 10bc 24c8 | 0000 00c5 | 7b10 b424 | c000 0000 
  0x000001ee6adcf1e0: c57b 10ac | 24b8 0000 | 00c5 7b10 | a424 b000 | 0000 c57b | 109c 24a8 | 0000 00c5 | 7b10 9424 
  0x000001ee6adcf200: a000 0000 | c57b 108c | 2498 0000 | 00c5 7b10 | 8424 9000 | 0000 c5fb | 10bc 2488 | 0000 00c5 
  0x000001ee6adcf220: fb10 b424 | 8000 0000 | c5fb 106c | 2478 c5fb | 1064 2470 | c5fb 105c | 2468 c5fb | 1054 2460 
  0x000001ee6adcf240: c5fb 104c | 2458 c5fb | 1044 2450 | 4c8b 5c24 | 404c 8b54 | 2438 4c8b | 4c24 304c | 8b44 2428 
  0x000001ee6adcf260: 488b 7c24 | 2048 8b74 | 2418 488b | 5424 1048 | 8b4c 2408 | 488b 0424 | 4881 c4d0 | 0000 00c5 
  0x000001ee6adcf280: f877 488b | d848 c1e8 | 0389 024c | 8bc2 4c33 | c349 c1e8 | 150f 84ac | 0000 0048 | 83fb 000f 
  0x000001ee6adcf2a0: 84a2 0000 | 004c 8bc2 | 49c1 e809 | 48bb 0080 | b86f ee01 | 0000 4c03 | c341 8038 | 040f 8484 
  0x000001ee6adcf2c0: 0000 00f0 | 8344 24c0 | 0041 8038 | 000f 8474 | 0000 0041 | c600 0049 | 8b5f 4848 | 85db 0f84 
  0x000001ee6adcf2e0: 1400 0000 | 4883 eb08 | 4989 5f48 | 4903 5f58 | 4c89 03e9 | 4f00 0000 | 4883 ec10 | 4889 1424 
  0x000001ee6adcf300: 498b d749 | 8bc8 4883 | ec20 40f6 | c40f 0f84 | 1a00 0000 | 4883 ec08 | 49ba 901e | 4faf fd7f 
  0x000001ee6adcf320: 0000 41ff | d248 83c4 | 08e9 0d00 | 0000 49ba | 901e 4faf | fd7f 0000 | 41ff d248 | 83c4 2048 
  0x000001ee6adcf340: 8b14 2448 | 83c4 1041 | 0fb6 5d03 | 4983 c503 | 49ba a036 | ddaf fd7f | 0000 41ff | 24da 6690 
[/MachCode]

---------------  P R O C E S S  ---------------

Threads class SMR info:
_java_thread_list=0x000001ee7f176bb0, length=19, elements={
0x000001ee5b907f30, 0x000001ee7ec34a50, 0x000001ee7ec37390, 0x000001ee7ec3c040,
0x000001ee7ec3c970, 0x000001ee7ec3d2a0, 0x000001ee7ec3dbd0, 0x000001ee7ec40840,
0x000001ee7ec491c0, 0x000001ee7ec4f040, 0x000001ee7ee50640, 0x000001ee7ee510e0,
0x000001ee7ee51630, 0x000001ee7ee4e110, 0x000001ee7ee4e660, 0x000001ee7ee50b90,
0x000001ee7ee4ebb0, 0x000001ee7ee4f100, 0x000001ee7ee4f650
}

Java Threads: ( => current thread )
  0x000001ee5b907f30 JavaThread "main" [_thread_blocked, id=10056, stack(0x0000002b4ed00000,0x0000002b4ee00000)]
  0x000001ee7ec34a50 JavaThread "Reference Handler" daemon [_thread_blocked, id=7736, stack(0x0000002b4f400000,0x0000002b4f500000)]
  0x000001ee7ec37390 JavaThread "Finalizer" daemon [_thread_blocked, id=7400, stack(0x0000002b4f500000,0x0000002b4f600000)]
  0x000001ee7ec3c040 JavaThread "Signal Dispatcher" daemon [_thread_blocked, id=7396, stack(0x0000002b4f600000,0x0000002b4f700000)]
  0x000001ee7ec3c970 JavaThread "Attach Listener" daemon [_thread_blocked, id=6308, stack(0x0000002b4f700000,0x0000002b4f800000)]
  0x000001ee7ec3d2a0 JavaThread "Service Thread" daemon [_thread_blocked, id=15884, stack(0x0000002b4f800000,0x0000002b4f900000)]
  0x000001ee7ec3dbd0 JavaThread "Monitor Deflation Thread" daemon [_thread_blocked, id=14748, stack(0x0000002b4f900000,0x0000002b4fa00000)]
  0x000001ee7ec40840 JavaThread "C2 CompilerThread0" daemon [_thread_blocked, id=7216, stack(0x0000002b4fa00000,0x0000002b4fb00000)]
  0x000001ee7ec491c0 JavaThread "C1 CompilerThread0" daemon [_thread_blocked, id=7704, stack(0x0000002b4fb00000,0x0000002b4fc00000)]
  0x000001ee7ec4f040 JavaThread "Sweeper thread" daemon [_thread_blocked, id=15152, stack(0x0000002b4fc00000,0x0000002b4fd00000)]
  0x000001ee7ee50640 JavaThread "Common-Cleaner" daemon [_thread_blocked, id=9224, stack(0x0000002b4fd00000,0x0000002b4fe00000)]
  0x000001ee7ee510e0 JavaThread "Monitor Ctrl-Break" daemon [_thread_in_native, id=12452, stack(0x0000002b4fe00000,0x0000002b4ff00000)]
  0x000001ee7ee51630 JavaThread "Notification Thread" daemon [_thread_blocked, id=11196, stack(0x0000002b4ff00000,0x0000002b50000000)]
  0x000001ee7ee4e110 JavaThread "Java2D Disposer" daemon [_thread_blocked, id=10852, stack(0x0000002b50100000,0x0000002b50200000)]
  0x000001ee7ee4e660 JavaThread "AWT-Shutdown" [_thread_blocked, id=13080, stack(0x0000002b50200000,0x0000002b50300000)]
  0x000001ee7ee50b90 JavaThread "AWT-Windows" daemon [_thread_in_native, id=1792, stack(0x0000002b50300000,0x0000002b50400000)]
=>0x000001ee7ee4ebb0 JavaThread "Image Fetcher 0" daemon [_thread_in_Java, id=7592, stack(0x0000002b50400000,0x0000002b50500000)]
  0x000001ee7ee4f100 JavaThread "Image Fetcher 1" daemon [_thread_blocked, id=12488, stack(0x0000002b50500000,0x0000002b50600000)]
  0x000001ee7ee4f650 JavaThread "Image Fetcher 2" daemon [_thread_blocked, id=16096, stack(0x0000002b50600000,0x0000002b50700000)]

Other Threads:
  0x000001ee7ec19880 VMThread "VM Thread" [stack: 0x0000002b4f300000,0x0000002b4f400000] [id=9476]
  0x000001ee7ef13360 WatcherThread "VM Periodic Task Thread" [stack: 0x0000002b50000000,0x0000002b50100000] [id=9056]
  0x000001ee5b979aa0 WorkerThread "GC Thread#0" [stack: 0x0000002b4ee00000,0x0000002b4ef00000] [id=1392]
  0x000001ee0404d320 WorkerThread "GC Thread#1" [stack: 0x0000002b50700000,0x0000002b50800000] [id=10196]
  0x000001ee0404d5f0 WorkerThread "GC Thread#2" [stack: 0x0000002b50800000,0x0000002b50900000] [id=11596]
  0x000001ee0404d8c0 WorkerThread "GC Thread#3" [stack: 0x0000002b50900000,0x0000002b50a00000] [id=16004]
  0x000001ee0404ecc0 WorkerThread "GC Thread#4" [stack: 0x0000002b50a00000,0x0000002b50b00000] [id=6300]
  0x000001ee0404f530 WorkerThread "GC Thread#5" [stack: 0x0000002b50b00000,0x0000002b50c00000] [id=5984]
  0x000001ee0404dbe0 WorkerThread "GC Thread#6" [stack: 0x0000002b50c00000,0x0000002b50d00000] [id=10760]
  0x000001ee0404f260 WorkerThread "GC Thread#7" [stack: 0x0000002b50d00000,0x0000002b50e00000] [id=7556]
  0x000001ee5b98b920 ConcurrentGCThread "G1 Main Marker" [stack: 0x0000002b4ef00000,0x0000002b4f000000] [id=12332]
  0x000001ee5b98ca00 WorkerThread "G1 Conc#0" [stack: 0x0000002b4f000000,0x0000002b4f100000] [id=3536]
  0x000001ee5b9ce260 ConcurrentGCThread "G1 Refine#0" [stack: 0x0000002b4f100000,0x0000002b4f200000] [id=8168]
  0x000001ee5b9ceb50 ConcurrentGCThread "G1 Service" [stack: 0x0000002b4f200000,0x0000002b4f300000] [id=13048]

Threads with active compile tasks:

VM state: not at safepoint (normal execution)

VM Mutex/Monitor currently owned by a thread: None

Heap address: 0x0000000703000000, size: 4048 MB, Compressed Oops mode: Zero based, Oop shift amount: 3

CDS archive(s) mapped at: [0x0000000800000000-0x0000000800c40000-0x0000000800c40000), size 12845056, SharedBaseAddress: 0x0000000800000000, ArchiveRelocationMode: 0.
Compressed class space mapped at: 0x0000000801000000-0x0000000841000000, reserved size: 1073741824
Narrow klass base: 0x0000000800000000, Narrow klass shift: 0, Narrow klass range: 0x100000000

GC Precious Log:
 CardTable entry size: 512
 Card Set container configuration: InlinePtr #cards 4 size 8 Array Of Cards #cards 16 size 48 Howl #buckets 8 coarsen threshold 3686 Howl Bitmap #cards 512 size 80 coarsen threshold 460 Card regions per heap region 1 cards per card region 4096
 CPUs: 8 total, 8 available
 Memory: 16190M
 Large Page Support: Disabled
 NUMA Support: Disabled
 Compressed Oops: Enabled (Zero based)
 Heap Region Size: 2M
 Heap Min Capacity: 8M
 Heap Initial Capacity: 254M
 Heap Max Capacity: 4048M
 Pre-touch: Disabled
 Parallel Workers: 8
 Concurrent Workers: 2
 Concurrent Refinement Workers: 8
 Periodic GC: Disabled

Heap:
 garbage-first heap   total 260096K, used 14667K [0x0000000703000000, 0x0000000800000000)
  region size 2048K, 3 young (6144K), 2 survivors (4096K)
 Metaspace       used 5250K, committed 5440K, reserved 1114112K
  class space    used 533K, committed 640K, reserved 1048576K

Heap Regions: E=young(eden), S=young(survivor), O=old, HS=humongous(starts), HC=humongous(continues), CS=collection set, F=free, OA=open archive, CA=closed archive, TAMS=top-at-mark-start (previous, next)
|   0|0x0000000703000000, 0x0000000703200000, 0x0000000703200000|100%|HS|  |TAMS 0x0000000703000000, 0x0000000703000000| Complete 
|   1|0x0000000703200000, 0x0000000703400000, 0x0000000703400000|100%|HS|  |TAMS 0x0000000703200000, 0x0000000703200000| Complete 
|   2|0x0000000703400000, 0x0000000703600000, 0x0000000703600000|100%|HC|  |TAMS 0x0000000703400000, 0x0000000703400000| Complete 
|   3|0x0000000703600000, 0x0000000703800000, 0x0000000703800000|100%|HC|  |TAMS 0x0000000703600000, 0x0000000703600000| Complete 
|   4|0x0000000703800000, 0x0000000703a00000, 0x0000000703a00000|100%|HC|  |TAMS 0x0000000703800000, 0x0000000703800000| Complete 
|   5|0x0000000703a00000, 0x0000000703a52c00, 0x0000000703c00000| 16%| O|  |TAMS 0x0000000703a00000, 0x0000000703a00000| Untracked 
|   6|0x0000000703c00000, 0x0000000703c00000, 0x0000000703e00000|  0%| F|  |TAMS 0x0000000703c00000, 0x0000000703c00000| Untracked 
|   7|0x0000000703e00000, 0x0000000703e00000, 0x0000000704000000|  0%| F|  |TAMS 0x0000000703e00000, 0x0000000703e00000| Untracked 
|   8|0x0000000704000000, 0x0000000704000000, 0x0000000704200000|  0%| F|  |TAMS 0x0000000704000000, 0x0000000704000000| Untracked 
|   9|0x0000000704200000, 0x0000000704200000, 0x0000000704400000|  0%| F|  |TAMS 0x0000000704200000, 0x0000000704200000| Untracked 
|  10|0x0000000704400000, 0x0000000704400000, 0x0000000704600000|  0%| F|  |TAMS 0x0000000704400000, 0x0000000704400000| Untracked 
|  11|0x0000000704600000, 0x0000000704600000, 0x0000000704800000|  0%| F|  |TAMS 0x0000000704600000, 0x0000000704600000| Untracked 
|  12|0x0000000704800000, 0x0000000704800000, 0x0000000704a00000|  0%| F|  |TAMS 0x0000000704800000, 0x0000000704800000| Untracked 
|  13|0x0000000704a00000, 0x0000000704a00000, 0x0000000704c00000|  0%| F|  |TAMS 0x0000000704a00000, 0x0000000704a00000| Untracked 
|  14|0x0000000704c00000, 0x0000000704c00000, 0x0000000704e00000|  0%| F|  |TAMS 0x0000000704c00000, 0x0000000704c00000| Untracked 
|  15|0x0000000704e00000, 0x0000000704e00000, 0x0000000705000000|  0%| F|  |TAMS 0x0000000704e00000, 0x0000000704e00000| Untracked 
|  16|0x0000000705000000, 0x0000000705000000, 0x0000000705200000|  0%| F|  |TAMS 0x0000000705000000, 0x0000000705000000| Untracked 
|  17|0x0000000705200000, 0x0000000705200000, 0x0000000705400000|  0%| F|  |TAMS 0x0000000705200000, 0x0000000705200000| Untracked 
|  18|0x0000000705400000, 0x0000000705400000, 0x0000000705600000|  0%| F|  |TAMS 0x0000000705400000, 0x0000000705400000| Untracked 
|  19|0x0000000705600000, 0x0000000705600000, 0x0000000705800000|  0%| F|  |TAMS 0x0000000705600000, 0x0000000705600000| Untracked 
|  20|0x0000000705800000, 0x0000000705800000, 0x0000000705a00000|  0%| F|  |TAMS 0x0000000705800000, 0x0000000705800000| Untracked 
|  21|0x0000000705a00000, 0x0000000705a00000, 0x0000000705c00000|  0%| F|  |TAMS 0x0000000705a00000, 0x0000000705a00000| Untracked 
|  22|0x0000000705c00000, 0x0000000705c00000, 0x0000000705e00000|  0%| F|  |TAMS 0x0000000705c00000, 0x0000000705c00000| Untracked 
|  23|0x0000000705e00000, 0x0000000705e00000, 0x0000000706000000|  0%| F|  |TAMS 0x0000000705e00000, 0x0000000705e00000| Untracked 
|  24|0x0000000706000000, 0x0000000706000000, 0x0000000706200000|  0%| F|  |TAMS 0x0000000706000000, 0x0000000706000000| Untracked 
|  25|0x0000000706200000, 0x0000000706200000, 0x0000000706400000|  0%| F|  |TAMS 0x0000000706200000, 0x0000000706200000| Untracked 
|  26|0x0000000706400000, 0x0000000706400000, 0x0000000706600000|  0%| F|  |TAMS 0x0000000706400000, 0x0000000706400000| Untracked 
|  27|0x0000000706600000, 0x0000000706600000, 0x0000000706800000|  0%| F|  |TAMS 0x0000000706600000, 0x0000000706600000| Untracked 
|  28|0x0000000706800000, 0x0000000706800000, 0x0000000706a00000|  0%| F|  |TAMS 0x0000000706800000, 0x0000000706800000| Untracked 
|  29|0x0000000706a00000, 0x0000000706a00000, 0x0000000706c00000|  0%| F|  |TAMS 0x0000000706a00000, 0x0000000706a00000| Untracked 
|  30|0x0000000706c00000, 0x0000000706c00000, 0x0000000706e00000|  0%| F|  |TAMS 0x0000000706c00000, 0x0000000706c00000| Untracked 
|  31|0x0000000706e00000, 0x0000000706e00000, 0x0000000707000000|  0%| F|  |TAMS 0x0000000706e00000, 0x0000000706e00000| Untracked 
|  32|0x0000000707000000, 0x0000000707000000, 0x0000000707200000|  0%| F|  |TAMS 0x0000000707000000, 0x0000000707000000| Untracked 
|  33|0x0000000707200000, 0x0000000707200000, 0x0000000707400000|  0%| F|  |TAMS 0x0000000707200000, 0x0000000707200000| Untracked 
|  34|0x0000000707400000, 0x0000000707400000, 0x0000000707600000|  0%| F|  |TAMS 0x0000000707400000, 0x0000000707400000| Untracked 
|  35|0x0000000707600000, 0x0000000707600000, 0x0000000707800000|  0%| F|  |TAMS 0x0000000707600000, 0x0000000707600000| Untracked 
|  36|0x0000000707800000, 0x0000000707800000, 0x0000000707a00000|  0%| F|  |TAMS 0x0000000707800000, 0x0000000707800000| Untracked 
|  37|0x0000000707a00000, 0x0000000707a00000, 0x0000000707c00000|  0%| F|  |TAMS 0x0000000707a00000, 0x0000000707a00000| Untracked 
|  38|0x0000000707c00000, 0x0000000707c00000, 0x0000000707e00000|  0%| F|  |TAMS 0x0000000707c00000, 0x0000000707c00000| Untracked 
|  39|0x0000000707e00000, 0x0000000707e00000, 0x0000000708000000|  0%| F|  |TAMS 0x0000000707e00000, 0x0000000707e00000| Untracked 
|  40|0x0000000708000000, 0x0000000708000000, 0x0000000708200000|  0%| F|  |TAMS 0x0000000708000000, 0x0000000708000000| Untracked 
|  41|0x0000000708200000, 0x0000000708200000, 0x0000000708400000|  0%| F|  |TAMS 0x0000000708200000, 0x0000000708200000| Untracked 
|  42|0x0000000708400000, 0x0000000708400000, 0x0000000708600000|  0%| F|  |TAMS 0x0000000708400000, 0x0000000708400000| Untracked 
|  43|0x0000000708600000, 0x0000000708600000, 0x0000000708800000|  0%| F|  |TAMS 0x0000000708600000, 0x0000000708600000| Untracked 
|  44|0x0000000708800000, 0x0000000708800000, 0x0000000708a00000|  0%| F|  |TAMS 0x0000000708800000, 0x0000000708800000| Untracked 
|  45|0x0000000708a00000, 0x0000000708a00000, 0x0000000708c00000|  0%| F|  |TAMS 0x0000000708a00000, 0x0000000708a00000| Untracked 
|  46|0x0000000708c00000, 0x0000000708c00000, 0x0000000708e00000|  0%| F|  |TAMS 0x0000000708c00000, 0x0000000708c00000| Untracked 
|  47|0x0000000708e00000, 0x0000000708e00000, 0x0000000709000000|  0%| F|  |TAMS 0x0000000708e00000, 0x0000000708e00000| Untracked 
|  48|0x0000000709000000, 0x0000000709000000, 0x0000000709200000|  0%| F|  |TAMS 0x0000000709000000, 0x0000000709000000| Untracked 
|  49|0x0000000709200000, 0x0000000709200000, 0x0000000709400000|  0%| F|  |TAMS 0x0000000709200000, 0x0000000709200000| Untracked 
|  50|0x0000000709400000, 0x0000000709400000, 0x0000000709600000|  0%| F|  |TAMS 0x0000000709400000, 0x0000000709400000| Untracked 
|  51|0x0000000709600000, 0x0000000709600000, 0x0000000709800000|  0%| F|  |TAMS 0x0000000709600000, 0x0000000709600000| Untracked 
|  52|0x0000000709800000, 0x0000000709800000, 0x0000000709a00000|  0%| F|  |TAMS 0x0000000709800000, 0x0000000709800000| Untracked 
|  53|0x0000000709a00000, 0x0000000709a00000, 0x0000000709c00000|  0%| F|  |TAMS 0x0000000709a00000, 0x0000000709a00000| Untracked 
|  54|0x0000000709c00000, 0x0000000709c00000, 0x0000000709e00000|  0%| F|  |TAMS 0x0000000709c00000, 0x0000000709c00000| Untracked 
|  55|0x0000000709e00000, 0x0000000709e00000, 0x000000070a000000|  0%| F|  |TAMS 0x0000000709e00000, 0x0000000709e00000| Untracked 
|  56|0x000000070a000000, 0x000000070a000000, 0x000000070a200000|  0%| F|  |TAMS 0x000000070a000000, 0x000000070a000000| Untracked 
|  57|0x000000070a200000, 0x000000070a200000, 0x000000070a400000|  0%| F|  |TAMS 0x000000070a200000, 0x000000070a200000| Untracked 
|  58|0x000000070a400000, 0x000000070a400000, 0x000000070a600000|  0%| F|  |TAMS 0x000000070a400000, 0x000000070a400000| Untracked 
|  59|0x000000070a600000, 0x000000070a600000, 0x000000070a800000|  0%| F|  |TAMS 0x000000070a600000, 0x000000070a600000| Untracked 
|  60|0x000000070a800000, 0x000000070a800000, 0x000000070aa00000|  0%| F|  |TAMS 0x000000070a800000, 0x000000070a800000| Untracked 
|  61|0x000000070aa00000, 0x000000070aa00000, 0x000000070ac00000|  0%| F|  |TAMS 0x000000070aa00000, 0x000000070aa00000| Untracked 
|  62|0x000000070ac00000, 0x000000070ac00000, 0x000000070ae00000|  0%| F|  |TAMS 0x000000070ac00000, 0x000000070ac00000| Untracked 
|  63|0x000000070ae00000, 0x000000070ae00000, 0x000000070b000000|  0%| F|  |TAMS 0x000000070ae00000, 0x000000070ae00000| Untracked 
|  64|0x000000070b000000, 0x000000070b000000, 0x000000070b200000|  0%| F|  |TAMS 0x000000070b000000, 0x000000070b000000| Untracked 
|  65|0x000000070b200000, 0x000000070b200000, 0x000000070b400000|  0%| F|  |TAMS 0x000000070b200000, 0x000000070b200000| Untracked 
|  66|0x000000070b400000, 0x000000070b400000, 0x000000070b600000|  0%| F|  |TAMS 0x000000070b400000, 0x000000070b400000| Untracked 
|  67|0x000000070b600000, 0x000000070b600000, 0x000000070b800000|  0%| F|  |TAMS 0x000000070b600000, 0x000000070b600000| Untracked 
|  68|0x000000070b800000, 0x000000070b800000, 0x000000070ba00000|  0%| F|  |TAMS 0x000000070b800000, 0x000000070b800000| Untracked 
|  69|0x000000070ba00000, 0x000000070ba00000, 0x000000070bc00000|  0%| F|  |TAMS 0x000000070ba00000, 0x000000070ba00000| Untracked 
|  70|0x000000070bc00000, 0x000000070bc00000, 0x000000070be00000|  0%| F|  |TAMS 0x000000070bc00000, 0x000000070bc00000| Untracked 
|  71|0x000000070be00000, 0x000000070be00000, 0x000000070c000000|  0%| F|  |TAMS 0x000000070be00000, 0x000000070be00000| Untracked 
|  72|0x000000070c000000, 0x000000070c000000, 0x000000070c200000|  0%| F|  |TAMS 0x000000070c000000, 0x000000070c000000| Untracked 
|  73|0x000000070c200000, 0x000000070c200000, 0x000000070c400000|  0%| F|  |TAMS 0x000000070c200000, 0x000000070c200000| Untracked 
|  74|0x000000070c400000, 0x000000070c400000, 0x000000070c600000|  0%| F|  |TAMS 0x000000070c400000, 0x000000070c400000| Untracked 
|  75|0x000000070c600000, 0x000000070c600000, 0x000000070c800000|  0%| F|  |TAMS 0x000000070c600000, 0x000000070c600000| Untracked 
|  76|0x000000070c800000, 0x000000070c800000, 0x000000070ca00000|  0%| F|  |TAMS 0x000000070c800000, 0x000000070c800000| Untracked 
|  77|0x000000070ca00000, 0x000000070ca00000, 0x000000070cc00000|  0%| F|  |TAMS 0x000000070ca00000, 0x000000070ca00000| Untracked 
|  78|0x000000070cc00000, 0x000000070cc00000, 0x000000070ce00000|  0%| F|  |TAMS 0x000000070cc00000, 0x000000070cc00000| Untracked 
|  79|0x000000070ce00000, 0x000000070ce00000, 0x000000070d000000|  0%| F|  |TAMS 0x000000070ce00000, 0x000000070ce00000| Untracked 
|  80|0x000000070d000000, 0x000000070d000000, 0x000000070d200000|  0%| F|  |TAMS 0x000000070d000000, 0x000000070d000000| Untracked 
|  81|0x000000070d200000, 0x000000070d200000, 0x000000070d400000|  0%| F|  |TAMS 0x000000070d200000, 0x000000070d200000| Untracked 
|  82|0x000000070d400000, 0x000000070d400000, 0x000000070d600000|  0%| F|  |TAMS 0x000000070d400000, 0x000000070d400000| Untracked 
|  83|0x000000070d600000, 0x000000070d600000, 0x000000070d800000|  0%| F|  |TAMS 0x000000070d600000, 0x000000070d600000| Untracked 
|  84|0x000000070d800000, 0x000000070d800000, 0x000000070da00000|  0%| F|  |TAMS 0x000000070d800000, 0x000000070d800000| Untracked 
|  85|0x000000070da00000, 0x000000070da00000, 0x000000070dc00000|  0%| F|  |TAMS 0x000000070da00000, 0x000000070da00000| Untracked 
|  86|0x000000070dc00000, 0x000000070dc00000, 0x000000070de00000|  0%| F|  |TAMS 0x000000070dc00000, 0x000000070dc00000| Untracked 
|  87|0x000000070de00000, 0x000000070de00000, 0x000000070e000000|  0%| F|  |TAMS 0x000000070de00000, 0x000000070de00000| Untracked 
|  88|0x000000070e000000, 0x000000070e000000, 0x000000070e200000|  0%| F|  |TAMS 0x000000070e000000, 0x000000070e000000| Untracked 
|  89|0x000000070e200000, 0x000000070e200000, 0x000000070e400000|  0%| F|  |TAMS 0x000000070e200000, 0x000000070e200000| Untracked 
|  90|0x000000070e400000, 0x000000070e400000, 0x000000070e600000|  0%| F|  |TAMS 0x000000070e400000, 0x000000070e400000| Untracked 
|  91|0x000000070e600000, 0x000000070e600000, 0x000000070e800000|  0%| F|  |TAMS 0x000000070e600000, 0x000000070e600000| Untracked 
|  92|0x000000070e800000, 0x000000070e800000, 0x000000070ea00000|  0%| F|  |TAMS 0x000000070e800000, 0x000000070e800000| Untracked 
|  93|0x000000070ea00000, 0x000000070ea00000, 0x000000070ec00000|  0%| F|  |TAMS 0x000000070ea00000, 0x000000070ea00000| Untracked 
|  94|0x000000070ec00000, 0x000000070ec00000, 0x000000070ee00000|  0%| F|  |TAMS 0x000000070ec00000, 0x000000070ec00000| Untracked 
|  95|0x000000070ee00000, 0x000000070ee00000, 0x000000070f000000|  0%| F|  |TAMS 0x000000070ee00000, 0x000000070ee00000| Untracked 
|  96|0x000000070f000000, 0x000000070f000000, 0x000000070f200000|  0%| F|  |TAMS 0x000000070f000000, 0x000000070f000000| Untracked 
|  97|0x000000070f200000, 0x000000070f200000, 0x000000070f400000|  0%| F|  |TAMS 0x000000070f200000, 0x000000070f200000| Untracked 
|  98|0x000000070f400000, 0x000000070f400000, 0x000000070f600000|  0%| F|  |TAMS 0x000000070f400000, 0x000000070f400000| Untracked 
|  99|0x000000070f600000, 0x000000070f600000, 0x000000070f800000|  0%| F|  |TAMS 0x000000070f600000, 0x000000070f600000| Untracked 
| 100|0x000000070f800000, 0x000000070f800000, 0x000000070fa00000|  0%| F|  |TAMS 0x000000070f800000, 0x000000070f800000| Untracked 
| 101|0x000000070fa00000, 0x000000070fa00000, 0x000000070fc00000|  0%| F|  |TAMS 0x000000070fa00000, 0x000000070fa00000| Untracked 
| 102|0x000000070fc00000, 0x000000070fc00000, 0x000000070fe00000|  0%| F|  |TAMS 0x000000070fc00000, 0x000000070fc00000| Untracked 
| 103|0x000000070fe00000, 0x000000070fe00000, 0x0000000710000000|  0%| F|  |TAMS 0x000000070fe00000, 0x000000070fe00000| Untracked 
| 104|0x0000000710000000, 0x0000000710000000, 0x0000000710200000|  0%| F|  |TAMS 0x0000000710000000, 0x0000000710000000| Untracked 
| 105|0x0000000710200000, 0x0000000710200000, 0x0000000710400000|  0%| F|  |TAMS 0x0000000710200000, 0x0000000710200000| Untracked 
| 106|0x0000000710400000, 0x0000000710400000, 0x0000000710600000|  0%| F|  |TAMS 0x0000000710400000, 0x0000000710400000| Untracked 
| 107|0x0000000710600000, 0x0000000710600000, 0x0000000710800000|  0%| F|  |TAMS 0x0000000710600000, 0x0000000710600000| Untracked 
| 108|0x0000000710800000, 0x0000000710800000, 0x0000000710a00000|  0%| F|  |TAMS 0x0000000710800000, 0x0000000710800000| Untracked 
| 109|0x0000000710a00000, 0x0000000710a00000, 0x0000000710c00000|  0%| F|  |TAMS 0x0000000710a00000, 0x0000000710a00000| Untracked 
| 110|0x0000000710c00000, 0x0000000710c00000, 0x0000000710e00000|  0%| F|  |TAMS 0x0000000710c00000, 0x0000000710c00000| Untracked 
| 111|0x0000000710e00000, 0x0000000710e00000, 0x0000000711000000|  0%| F|  |TAMS 0x0000000710e00000, 0x0000000710e00000| Untracked 
| 112|0x0000000711000000, 0x0000000711000000, 0x0000000711200000|  0%| F|  |TAMS 0x0000000711000000, 0x0000000711000000| Untracked 
| 113|0x0000000711200000, 0x0000000711200000, 0x0000000711400000|  0%| F|  |TAMS 0x0000000711200000, 0x0000000711200000| Untracked 
| 114|0x0000000711400000, 0x0000000711600000, 0x0000000711600000|100%| S|CS|TAMS 0x0000000711400000, 0x0000000711400000| Complete 
| 115|0x0000000711600000, 0x0000000711800000, 0x0000000711800000|100%| S|CS|TAMS 0x0000000711600000, 0x0000000711600000| Complete 
| 116|0x0000000711800000, 0x0000000711800000, 0x0000000711a00000|  0%| F|  |TAMS 0x0000000711800000, 0x0000000711800000| Untracked 
| 117|0x0000000711a00000, 0x0000000711a00000, 0x0000000711c00000|  0%| F|  |TAMS 0x0000000711a00000, 0x0000000711a00000| Untracked 
| 118|0x0000000711c00000, 0x0000000711c00000, 0x0000000711e00000|  0%| F|  |TAMS 0x0000000711c00000, 0x0000000711c00000| Untracked 
| 119|0x0000000711e00000, 0x0000000711e00000, 0x0000000712000000|  0%| F|  |TAMS 0x0000000711e00000, 0x0000000711e00000| Untracked 
| 120|0x0000000712000000, 0x0000000712000000, 0x0000000712200000|  0%| F|  |TAMS 0x0000000712000000, 0x0000000712000000| Untracked 
| 121|0x0000000712200000, 0x0000000712200000, 0x0000000712400000|  0%| F|  |TAMS 0x0000000712200000, 0x0000000712200000| Untracked 
| 122|0x0000000712400000, 0x0000000712400000, 0x0000000712600000|  0%| F|  |TAMS 0x0000000712400000, 0x0000000712400000| Untracked 
| 123|0x0000000712600000, 0x0000000712600000, 0x0000000712800000|  0%| F|  |TAMS 0x0000000712600000, 0x0000000712600000| Untracked 
| 124|0x0000000712800000, 0x0000000712800000, 0x0000000712a00000|  0%| F|  |TAMS 0x0000000712800000, 0x0000000712800000| Untracked 
| 125|0x0000000712a00000, 0x0000000712a00000, 0x0000000712c00000|  0%| F|  |TAMS 0x0000000712a00000, 0x0000000712a00000| Untracked 
| 126|0x0000000712c00000, 0x0000000712d63430, 0x0000000712e00000| 69%| E|  |TAMS 0x0000000712c00000, 0x0000000712c00000| Complete 

Card table byte_map: [0x000001ee733a0000,0x000001ee73b90000] _byte_map_base: 0x000001ee6fb88000

Marking Bits (Prev, Next): (CMBitMap*) 0x000001ee5b97aff0, (CMBitMap*) 0x000001ee5b97b030
 Prev Bits: [0x000001ee74380000, 0x000001ee782c0000)
 Next Bits: [0x000001ee782c0000, 0x000001ee7c200000)

Polling page: 0x000001ee5b0d0000

Metaspace:

Usage:
  Non-class:      4.61 MB used.
      Class:    533.80 KB used.
       Both:      5.13 MB used.

Virtual space:
  Non-class space:       64.00 MB reserved,       4.69 MB (  7%) committed,  1 nodes.
      Class space:        1.00 GB reserved,     640.00 KB ( <1%) committed,  1 nodes.
             Both:        1.06 GB reserved,       5.31 MB ( <1%) committed. 

Chunk freelists:
   Non-Class:  2.84 MB
       Class:  3.24 MB
        Both:  6.08 MB

MaxMetaspaceSize: unlimited
CompressedClassSpaceSize: 1.00 GB
Initial GC threshold: 21.00 MB
Current GC threshold: 21.00 MB
CDS: on
MetaspaceReclaimPolicy: balanced
 - commit_granule_bytes: 65536.
 - commit_granule_words: 8192.
 - virtual_space_node_default_size: 8388608.
 - enlarge_chunks_in_place: 1.
 - new_chunks_are_fully_committed: 0.
 - uncommit_free_chunks: 1.
 - use_allocation_guard: 0.


Internal statistics:

num_allocs_failed_limit: 0.
num_arena_births: 142.
num_arena_deaths: 0.
num_vsnodes_births: 2.
num_vsnodes_deaths: 0.
num_space_committed: 85.
num_space_uncommitted: 0.
num_chunks_returned_to_freelist: 0.
num_chunks_taken_from_freelist: 155.
num_chunk_merges: 0.
num_chunk_splits: 108.
num_chunks_enlarged: 70.
num_inconsistent_stats: 0.

CodeHeap 'non-profiled nmethods': size=120000Kb used=234Kb max_used=234Kb free=119765Kb
 bounds [0x000001ee6b340000, 0x000001ee6b5b0000, 0x000001ee72870000]
CodeHeap 'profiled nmethods': size=120000Kb used=1212Kb max_used=1212Kb free=118787Kb
 bounds [0x000001ee63870000, 0x000001ee63ae0000, 0x000001ee6ada0000]
CodeHeap 'non-nmethods': size=5760Kb used=1312Kb max_used=1330Kb free=4447Kb
 bounds [0x000001ee6ada0000, 0x000001ee6b010000, 0x000001ee6b340000]
 total_blobs=1319 nmethods=776 adapters=454
 compilation: enabled
              stopped_count=0, restarted_count=0
 full_count=0

Compilation events (20 events):
Event: 0.631 Thread 0x000001ee7ec40840  760 %     4       java.awt.image.ReplicateScaleFilter::setPixels @ 145 (225 bytes)
Event: 0.646 Thread 0x000001ee7ec491c0  762       1       java.beans.PropertyChangeEvent::getPropertyName (5 bytes)
Event: 0.646 Thread 0x000001ee7ec491c0 nmethod 762 0x000001ee6b377c90 code [0x000001ee6b377e20, 0x000001ee6b377ef8]
Event: 0.647 Thread 0x000001ee7ec491c0  763       3       java.util.Optional::empty (6 bytes)
Event: 0.647 Thread 0x000001ee7ec491c0 nmethod 763 0x000001ee6399b410 code [0x000001ee6399b5a0, 0x000001ee6399b698]
Event: 0.647 Thread 0x000001ee7ec491c0  764       3       jdk.internal.module.SystemModuleFinders$SystemImage::reader (4 bytes)
Event: 0.647 Thread 0x000001ee7ec491c0 nmethod 764 0x000001ee6399b710 code [0x000001ee6399b8a0, 0x000001ee6399b998]
Event: 0.647 Thread 0x000001ee7ec491c0  765       3       jdk.internal.jimage.ImageReader::requireOpen (18 bytes)
Event: 0.647 Thread 0x000001ee7ec491c0 nmethod 765 0x000001ee6399ba10 code [0x000001ee6399bbc0, 0x000001ee6399bdc8]
Event: 0.647 Thread 0x000001ee7ec491c0  766       3       jdk.internal.module.SystemModuleFinders$SystemModuleReader::find (59 bytes)
Event: 0.648 Thread 0x000001ee7ec491c0 nmethod 766 0x000001ee6399be90 code [0x000001ee6399c140, 0x000001ee6399cbd8]
Event: 0.648 Thread 0x000001ee7ec491c0  768   !   3       jdk.internal.misc.Blocker::begin (97 bytes)
Event: 0.649 Thread 0x000001ee7ec491c0 nmethod 768 0x000001ee6399d010 code [0x000001ee6399d240, 0x000001ee6399db48]
Event: 0.649 Thread 0x000001ee7ec491c0  767       1       java.nio.Buffer::position (5 bytes)
Event: 0.649 Thread 0x000001ee7ec491c0 nmethod 767 0x000001ee6b377f90 code [0x000001ee6b378120, 0x000001ee6b3781d8]
Event: 0.655 Thread 0x000001ee7ec40840 nmethod 760% 0x000001ee6b378290 code [0x000001ee6b378440, 0x000001ee6b378da8]
Event: 0.727 Thread 0x000001ee7ec40840  769   !   4       sun.awt.image.ImageDecoder::nextConsumer (69 bytes)
Event: 0.730 Thread 0x000001ee7ec40840 nmethod 769 0x000001ee6b379290 code [0x000001ee6b379420, 0x000001ee6b379758]
Event: 0.782 Thread 0x000001ee7ec491c0  770       3       java.lang.String::lastIndexOf (29 bytes)
Event: 0.782 Thread 0x000001ee7ec491c0 nmethod 770 0x000001ee6399dd90 code [0x000001ee6399df60, 0x000001ee6399e218]

GC Heap History (2 events):
Event: 0.783 GC heap before
{Heap before GC invocations=0 (full 0):
 garbage-first heap   total 260096K, used 30720K [0x0000000703000000, 0x0000000800000000)
  region size 2048K, 11 young (22528K), 0 survivors (0K)
 Metaspace       used 5246K, committed 5440K, reserved 1114112K
  class space    used 533K, committed 640K, reserved 1048576K
}
Event: 0.789 GC heap after
{Heap after GC invocations=1 (full 0):
 garbage-first heap   total 260096K, used 14667K [0x0000000703000000, 0x0000000800000000)
  region size 2048K, 2 young (4096K), 2 survivors (4096K)
 Metaspace       used 5246K, committed 5440K, reserved 1114112K
  class space    used 533K, committed 640K, reserved 1048576K
}

Dll operation events (12 events):
Event: 0.015 Loaded shared library C:\Program Files\Java\jdk-19\bin\java.dll
Event: 0.030 Loaded shared library C:\Program Files\Java\jdk-19\bin\jsvml.dll
Event: 0.135 Loaded shared library C:\Program Files\Java\jdk-19\bin\zip.dll
Event: 0.139 Loaded shared library C:\Program Files\Java\jdk-19\bin\instrument.dll
Event: 0.150 Loaded shared library C:\Program Files\Java\jdk-19\bin\net.dll
Event: 0.152 Loaded shared library C:\Program Files\Java\jdk-19\bin\nio.dll
Event: 0.159 Loaded shared library C:\Program Files\Java\jdk-19\bin\zip.dll
Event: 0.178 Loaded shared library C:\Program Files\JetBrains\IntelliJ IDEA 2022.3.2\bin\breakgen64.dll
Event: 0.191 Loaded shared library C:\Program Files\Java\jdk-19\bin\extnet.dll
Event: 0.199 Loaded shared library C:\Program Files\Java\jdk-19\bin\jimage.dll
Event: 0.219 Loaded shared library C:\Program Files\Java\jdk-19\bin\awt.dll
Event: 0.547 Loaded shared library C:\Program Files\Java\jdk-19\bin\javajpeg.dll

Deoptimization events (20 events):
Event: 0.441 Thread 0x000001ee5b907f30 Uncommon trap: trap_request=0xffffffc6 fr.pc=0x000001ee6b34d9c8 relative=0x0000000000000ba8
Event: 0.441 Thread 0x000001ee5b907f30 Uncommon trap: reason=bimorphic_or_optimized_type_check action=maybe_recompile pc=0x000001ee6b34d9c8 method=java.util.HashMap.putVal(ILjava/lang/Object;Ljava/lang/Object;ZZ)Ljava/lang/Object; @ 56 c2
Event: 0.441 Thread 0x000001ee5b907f30 DEOPT PACKING pc=0x000001ee6b34d9c8 sp=0x0000002b4edfecf0
Event: 0.441 Thread 0x000001ee5b907f30 DEOPT UNPACKING pc=0x000001ee6ae06da3 sp=0x0000002b4edfec88 mode 2
Event: 0.441 Thread 0x000001ee5b907f30 Uncommon trap: trap_request=0xffffffc6 fr.pc=0x000001ee6b34d9c8 relative=0x0000000000000ba8
Event: 0.441 Thread 0x000001ee5b907f30 Uncommon trap: reason=bimorphic_or_optimized_type_check action=maybe_recompile pc=0x000001ee6b34d9c8 method=java.util.HashMap.putVal(ILjava/lang/Object;Ljava/lang/Object;ZZ)Ljava/lang/Object; @ 56 c2
Event: 0.441 Thread 0x000001ee5b907f30 DEOPT PACKING pc=0x000001ee6b34d9c8 sp=0x0000002b4edfecf0
Event: 0.441 Thread 0x000001ee5b907f30 DEOPT UNPACKING pc=0x000001ee6ae06da3 sp=0x0000002b4edfec88 mode 2
Event: 0.441 Thread 0x000001ee5b907f30 Uncommon trap: trap_request=0xffffffc6 fr.pc=0x000001ee6b34d9c8 relative=0x0000000000000ba8
Event: 0.441 Thread 0x000001ee5b907f30 Uncommon trap: reason=bimorphic_or_optimized_type_check action=maybe_recompile pc=0x000001ee6b34d9c8 method=java.util.HashMap.putVal(ILjava/lang/Object;Ljava/lang/Object;ZZ)Ljava/lang/Object; @ 56 c2
Event: 0.441 Thread 0x000001ee5b907f30 DEOPT PACKING pc=0x000001ee6b34d9c8 sp=0x0000002b4edfecf0
Event: 0.441 Thread 0x000001ee5b907f30 DEOPT UNPACKING pc=0x000001ee6ae06da3 sp=0x0000002b4edfec88 mode 2
Event: 0.457 Thread 0x000001ee5b907f30 Uncommon trap: trap_request=0xffffff45 fr.pc=0x000001ee6b369850 relative=0x0000000000000510
Event: 0.457 Thread 0x000001ee5b907f30 Uncommon trap: reason=unstable_if action=reinterpret pc=0x000001ee6b369850 method=java.lang.StringLatin1.replace([BCC)Ljava/lang/String; @ 19 c2
Event: 0.457 Thread 0x000001ee5b907f30 DEOPT PACKING pc=0x000001ee6b369850 sp=0x0000002b4edff1f0
Event: 0.457 Thread 0x000001ee5b907f30 DEOPT UNPACKING pc=0x000001ee6ae06da3 sp=0x0000002b4edff170 mode 2
Event: 0.530 Thread 0x000001ee7ee4ebb0 Uncommon trap: trap_request=0xffffff45 fr.pc=0x000001ee6b371588 relative=0x0000000000000708
Event: 0.530 Thread 0x000001ee7ee4ebb0 Uncommon trap: reason=unstable_if action=reinterpret pc=0x000001ee6b371588 method=java.util.regex.Matcher.search(I)Z @ 30 c2
Event: 0.531 Thread 0x000001ee7ee4ebb0 DEOPT PACKING pc=0x000001ee6b371588 sp=0x0000002b504fe690
Event: 0.531 Thread 0x000001ee7ee4ebb0 DEOPT UNPACKING pc=0x000001ee6ae06da3 sp=0x0000002b504fe670 mode 2

Classes loaded (20 events):
Event: 0.557 Loading class java/awt/image/BufferedImage done
Event: 0.557 Loading class java/awt/image/BufferedImage$1
Event: 0.557 Loading class java/awt/image/BufferedImage$1 done
Event: 0.577 Loading class java/awt/image/ReplicateScaleFilter
Event: 0.577 Loading class java/awt/image/ImageFilter
Event: 0.577 Loading class java/awt/image/ImageFilter done
Event: 0.577 Loading class java/awt/image/ReplicateScaleFilter done
Event: 0.578 Loading class java/awt/image/FilteredImageSource
Event: 0.578 Loading class java/awt/image/FilteredImageSource done
Event: 0.597 Loading class javax/swing/plaf/metal/MetalLabelUI
Event: 0.597 Loading class javax/swing/plaf/basic/BasicLabelUI
Event: 0.598 Loading class javax/swing/plaf/LabelUI
Event: 0.598 Loading class javax/swing/plaf/LabelUI done
Event: 0.598 Loading class javax/swing/plaf/basic/BasicLabelUI done
Event: 0.598 Loading class javax/swing/plaf/metal/MetalLabelUI done
Event: 0.598 Loading class javax/swing/plaf/metal/DefaultMetalTheme$FontDelegate$1
Event: 0.599 Loading class javax/swing/plaf/metal/DefaultMetalTheme$FontDelegate$1 done
Event: 0.599 Loading class javax/swing/plaf/basic/BasicHTML
Event: 0.599 Loading class javax/swing/plaf/basic/BasicHTML done
Event: 0.789 Loading class java/util/concurrent/locks/AbstractQueuedSynchronizer$ExclusiveNode

Classes unloaded (0 events):
No events

Classes redefined (0 events):
No events

Internal exceptions (14 events):
Event: 0.166 Thread 0x000001ee5b907f30 Exception <a 'java/lang/NoSuchMethodError'{0x0000000712ae3df8}: 'void java.lang.invoke.DirectMethodHandle$Holder.invokeStatic(java.lang.Object, java.lang.Object, java.lang.Object)'> (0x0000000712ae3df8) 
thrown [s\open\src\hotspot\share\interpreter\linkResolver.cpp, line 774]
Event: 0.173 Thread 0x000001ee5b907f30 Exception <a 'java/lang/NoSuchMethodError'{0x0000000712afc3f0}: 'java.lang.Object java.lang.invoke.Invokers$Holder.invokeExact_MT(java.lang.Object, java.lang.Object, java.lang.Object, java.lang.Object, java.lang.Object)'> (0x0000000712afc3f0) 
thrown [s\open\src\hotspot\share\interpreter\linkResolver.cpp, line 774]
Event: 0.192 Thread 0x000001ee7ee510e0 Exception <a 'java/lang/NoSuchMethodError'{0x0000000712b59d08}: 'void java.lang.invoke.DirectMethodHandle$Holder.invokeStatic(java.lang.Object, java.lang.Object)'> (0x0000000712b59d08) 
thrown [s\open\src\hotspot\share\interpreter\linkResolver.cpp, line 774]
Event: 0.207 Thread 0x000001ee5b907f30 Exception <a 'java/lang/ClassNotFoundException'{0x0000000712b1d950}: sun/awt/resources/spi/awtProvider> (0x0000000712b1d950) 
thrown [s\open\src\hotspot\share\classfile\systemDictionary.cpp, line 255]
Event: 0.240 Thread 0x000001ee5b907f30 Exception <a 'java/io/FileNotFoundException'{0x0000000712be3508}> (0x0000000712be3508) 
thrown [s\open\src\hotspot\share\prims\jni.cpp, line 517]
Event: 0.252 Thread 0x000001ee5b907f30 Exception <a 'java/io/FileNotFoundException'{0x000000071280fe18}> (0x000000071280fe18) 
thrown [s\open\src\hotspot\share\prims\jni.cpp, line 517]
Event: 0.320 Thread 0x000001ee5b907f30 Exception <a 'java/lang/NoSuchMethodError'{0x0000000712853748}: 'java.lang.Object java.lang.invoke.DirectMethodHandle$Holder.invokeStaticInit(java.lang.Object)'> (0x0000000712853748) 
thrown [s\open\src\hotspot\share\interpreter\linkResolver.cpp, line 774]
Event: 0.379 Thread 0x000001ee5b907f30 Exception <a 'java/lang/NoSuchMethodError'{0x00000007129896b0}: 'void java.lang.invoke.DirectMethodHandle$Holder.invokeSpecial(java.lang.Object, java.lang.Object, java.lang.Object)'> (0x00000007129896b0) 
thrown [s\open\src\hotspot\share\interpreter\linkResolver.cpp, line 774]
Event: 0.395 Thread 0x000001ee5b907f30 Exception <a 'java/lang/NoSuchMethodError'{0x00000007129b3eb8}: 'java.lang.Object java.lang.invoke.DirectMethodHandle$Holder.newInvokeSpecial(java.lang.Object, java.lang.Object, java.lang.Object, java.lang.Object, java.lang.Object)'> (0x00000007129b3eb8) 
thrown [s\open\src\hotspot\share\interpreter\linkResolver.cpp, line 774]
Event: 0.404 Thread 0x000001ee5b907f30 Exception <a 'java/lang/NoSuchMethodError'{0x00000007129e55e0}: 'java.lang.Object java.lang.invoke.DirectMethodHandle$Holder.invokeStatic(java.lang.Object, int, java.lang.Object)'> (0x00000007129e55e0) 
thrown [s\open\src\hotspot\share\interpreter\linkResolver.cpp, line 774]
Event: 0.440 Thread 0x000001ee5b907f30 Exception <a 'java/lang/ClassNotFoundException'{0x00000007126a1438}: com/sun/swing/internal/plaf/metal/resources/spi/metalProvider> (0x00000007126a1438) 
thrown [s\open\src\hotspot\share\classfile\systemDictionary.cpp, line 255]
Event: 0.441 Thread 0x000001ee5b907f30 Exception <a 'java/lang/ClassNotFoundException'{0x00000007126a5368}: com/sun/swing/internal/plaf/basic/resources/spi/basicProvider> (0x00000007126a5368) 
thrown [s\open\src\hotspot\share\classfile\systemDictionary.cpp, line 255]
Event: 0.454 Thread 0x000001ee5b907f30 Exception <a 'java/lang/NoSuchMethodError'{0x00000007126c1ca0}: 'int java.lang.invoke.Invokers$Holder.invokeExact_MT(java.lang.Object, java.lang.Object)'> (0x00000007126c1ca0) 
thrown [s\open\src\hotspot\share\interpreter\linkResolver.cpp, line 774]
Event: 0.549 Thread 0x000001ee7ee4ebb0 Exception <a 'java/lang/NoSuchMethodError'{0x0000000712478930}: 'java.lang.Object java.lang.invoke.DirectMethodHandle$Holder.newInvokeSpecial(java.lang.Object, java.lang.Object, java.lang.Object, int, int, int, int, int)'> (0x0000000712478930) 
thrown [s\open\src\hotspot\share\interpreter\linkResolver.cpp, line 774]

VM Operations (12 events):
Event: 0.112 Executing VM operation: HandshakeAllThreads
Event: 0.112 Executing VM operation: HandshakeAllThreads done
Event: 0.183 Executing VM operation: HandshakeAllThreads
Event: 0.183 Executing VM operation: HandshakeAllThreads done
Event: 0.262 Executing VM operation: HandshakeAllThreads
Event: 0.262 Executing VM operation: HandshakeAllThreads done
Event: 0.527 Executing VM operation: HandshakeAllThreads
Event: 0.527 Executing VM operation: HandshakeAllThreads done
Event: 0.577 Executing VM operation: HandshakeAllThreads
Event: 0.577 Executing VM operation: HandshakeAllThreads done
Event: 0.783 Executing VM operation: G1CollectForAllocation
Event: 0.789 Executing VM operation: G1CollectForAllocation done

Events (19 events):
Event: 0.031 Thread 0x000001ee5b907f30 Thread added: 0x000001ee5b907f30
Event: 0.055 Thread 0x000001ee7ec34a50 Thread added: 0x000001ee7ec34a50
Event: 0.055 Thread 0x000001ee7ec37390 Thread added: 0x000001ee7ec37390
Event: 0.055 Thread 0x000001ee7ec3c040 Thread added: 0x000001ee7ec3c040
Event: 0.056 Thread 0x000001ee7ec3c970 Thread added: 0x000001ee7ec3c970
Event: 0.056 Thread 0x000001ee7ec3d2a0 Thread added: 0x000001ee7ec3d2a0
Event: 0.056 Thread 0x000001ee7ec3dbd0 Thread added: 0x000001ee7ec3dbd0
Event: 0.056 Thread 0x000001ee7ec40840 Thread added: 0x000001ee7ec40840
Event: 0.056 Thread 0x000001ee7ec491c0 Thread added: 0x000001ee7ec491c0
Event: 0.056 Thread 0x000001ee7ec4f040 Thread added: 0x000001ee7ec4f040
Event: 0.098 Thread 0x000001ee7ee50640 Thread added: 0x000001ee7ee50640
Event: 0.179 Thread 0x000001ee7ee510e0 Thread added: 0x000001ee7ee510e0
Event: 0.179 Thread 0x000001ee7ee51630 Thread added: 0x000001ee7ee51630
Event: 0.321 Thread 0x000001ee7ee4e110 Thread added: 0x000001ee7ee4e110
Event: 0.323 Thread 0x000001ee7ee4e660 Thread added: 0x000001ee7ee4e660
Event: 0.326 Thread 0x000001ee7ee50b90 Thread added: 0x000001ee7ee50b90
Event: 0.463 Thread 0x000001ee7ee4ebb0 Thread added: 0x000001ee7ee4ebb0
Event: 0.614 Thread 0x000001ee7ee4f100 Thread added: 0x000001ee7ee4f100
Event: 0.647 Thread 0x000001ee7ee4f650 Thread added: 0x000001ee7ee4f650


Dynamic libraries:
0x00007ff78ce90000 - 0x00007ff78cea0000 	C:\Program Files\Java\jdk-19\bin\java.exe
0x00007ffe30970000 - 0x00007ffe30b84000 	C:\Windows\SYSTEM32\ntdll.dll
0x00007ffe2f890000 - 0x00007ffe2f953000 	C:\Windows\System32\KERNEL32.DLL
0x00007ffe2e1d0000 - 0x00007ffe2e56c000 	C:\Windows\System32\KERNELBASE.dll
0x00007ffe2ddb0000 - 0x00007ffe2dec1000 	C:\Windows\System32\ucrtbase.dll
0x00007ffe27010000 - 0x00007ffe2702b000 	C:\Program Files\Java\jdk-19\bin\VCRUNTIME140.dll
0x00007ffe18670000 - 0x00007ffe18688000 	C:\Program Files\Java\jdk-19\bin\jli.dll
0x00007ffe2f090000 - 0x00007ffe2f13e000 	C:\Windows\System32\ADVAPI32.dll
0x00007ffe2eb40000 - 0x00007ffe2ebe7000 	C:\Windows\System32\msvcrt.dll
0x00007ffe30660000 - 0x00007ffe30704000 	C:\Windows\System32\sechost.dll
0x00007ffe30810000 - 0x00007ffe30925000 	C:\Windows\System32\RPCRT4.dll
0x00007ffe2f2a0000 - 0x00007ffe2f44d000 	C:\Windows\System32\USER32.dll
0x00007ffe2cfa0000 - 0x00007ffe2d22e000 	C:\Windows\WinSxS\amd64_microsoft.windows.common-controls_6595b64144ccf1df_6.0.22621.608_none_a9444ca7c10bb01d\COMCTL32.dll
0x00007ffe2e1a0000 - 0x00007ffe2e1c6000 	C:\Windows\System32\win32u.dll
0x00007ffe2f1f0000 - 0x00007ffe2f219000 	C:\Windows\System32\GDI32.dll
0x00007ffe2ded0000 - 0x00007ffe2dfe2000 	C:\Windows\System32\gdi32full.dll
0x00007ffe2e6e0000 - 0x00007ffe2e77a000 	C:\Windows\System32\msvcp_win.dll
0x00007ffe26870000 - 0x00007ffe2687a000 	C:\Windows\SYSTEM32\VERSION.dll
0x00007ffe2f1b0000 - 0x00007ffe2f1e2000 	C:\Windows\System32\IMM32.DLL
0x00007ffe270e0000 - 0x00007ffe270ec000 	C:\Program Files\Java\jdk-19\bin\vcruntime140_1.dll
0x00007ffe0e3f0000 - 0x00007ffe0e47e000 	C:\Program Files\Java\jdk-19\bin\msvcp140.dll
0x00007ffdaf1d0000 - 0x00007ffdafe90000 	C:\Program Files\Java\jdk-19\bin\server\jvm.dll
0x00007ffe26f40000 - 0x00007ffe26f74000 	C:\Windows\SYSTEM32\WINMM.dll
0x00007ffe27e30000 - 0x00007ffe27e39000 	C:\Windows\SYSTEM32\WSOCK32.dll
0x00007ffe2f220000 - 0x00007ffe2f291000 	C:\Windows\System32\WS2_32.dll
0x00007ffe2bf10000 - 0x00007ffe2bf28000 	C:\Windows\SYSTEM32\kernel.appcore.dll
0x00007ffe18660000 - 0x00007ffe1866a000 	C:\Program Files\Java\jdk-19\bin\jimage.dll
0x00007ffe2d6a0000 - 0x00007ffe2d8ce000 	C:\Windows\SYSTEM32\DBGHELP.DLL
0x00007ffe2f450000 - 0x00007ffe2f7da000 	C:\Windows\System32\combase.dll
0x00007ffe2fb20000 - 0x00007ffe2fbf7000 	C:\Windows\System32\OLEAUT32.dll
0x00007ffe2d560000 - 0x00007ffe2d592000 	C:\Windows\SYSTEM32\dbgcore.DLL
0x00007ffe2dff0000 - 0x00007ffe2e06b000 	C:\Windows\System32\bcryptPrimitives.dll
0x00007ffe16b20000 - 0x00007ffe16b2e000 	C:\Program Files\Java\jdk-19\bin\instrument.dll
0x00007ffe16b50000 - 0x00007ffe16b76000 	C:\Program Files\Java\jdk-19\bin\java.dll
0x00007ffe0e310000 - 0x00007ffe0e3e7000 	C:\Program Files\Java\jdk-19\bin\jsvml.dll
0x00007ffe2fd60000 - 0x00007ffe3054f000 	C:\Windows\System32\SHELL32.dll
0x00007ffe2aee0000 - 0x00007ffe2b7a8000 	C:\Windows\SYSTEM32\windows.storage.dll
0x00007ffe2ada0000 - 0x00007ffe2aede000 	C:\Windows\SYSTEM32\wintypes.dll
0x00007ffe30710000 - 0x00007ffe30801000 	C:\Windows\System32\SHCORE.dll
0x00007ffe30550000 - 0x00007ffe305ae000 	C:\Windows\System32\shlwapi.dll
0x00007ffe2dce0000 - 0x00007ffe2dd01000 	C:\Windows\SYSTEM32\profapi.dll
0x00007ffe0e830000 - 0x00007ffe0e848000 	C:\Program Files\Java\jdk-19\bin\zip.dll
0x00007ffe16b30000 - 0x00007ffe16b43000 	C:\Program Files\Java\jdk-19\bin\net.dll
0x00007ffe25a50000 - 0x00007ffe25b7f000 	C:\Windows\SYSTEM32\WINHTTP.dll
0x00007ffe2cb70000 - 0x00007ffe2cbd9000 	C:\Windows\system32\mswsock.dll
0x00007ffe0e850000 - 0x00007ffe0e866000 	C:\Program Files\Java\jdk-19\bin\nio.dll
0x00007ffdfd090000 - 0x00007ffdfd0aa000 	C:\Program Files\JetBrains\IntelliJ IDEA 2022.3.2\bin\breakgen64.dll
0x00007ffe16ad0000 - 0x00007ffe16ad8000 	C:\Program Files\Java\jdk-19\bin\extnet.dll
0x00007ffdb16b0000 - 0x00007ffdb1841000 	C:\Program Files\Java\jdk-19\bin\awt.dll
0x00007ffe2a400000 - 0x00007ffe2a497000 	C:\Windows\SYSTEM32\apphelp.dll
0x00007ffe2a830000 - 0x00007ffe2a85b000 	C:\Windows\system32\DWMAPI.DLL
0x00007ffe2a5a0000 - 0x00007ffe2a64b000 	C:\Windows\system32\uxtheme.dll
0x00007ffe09560000 - 0x00007ffe09660000 	C:\Windows\system32\opengl32.dll
0x00007ffe187a0000 - 0x00007ffe187cd000 	C:\Windows\SYSTEM32\GLU32.dll
0x00007ffe2a6c0000 - 0x00007ffe2a6f6000 	C:\Windows\SYSTEM32\dxcore.dll
0x00007ffe2fa00000 - 0x00007ffe2fb1e000 	C:\Windows\System32\MSCTF.dll
0x00007ffe2e780000 - 0x00007ffe2e91c000 	C:\Windows\System32\ole32.dll
0x00007ffe1d990000 - 0x00007ffe1d9be000 	C:\Program Files\Java\jdk-19\bin\javajpeg.dll

dbghelp: loaded successfully - version: 4.0.5 - missing functions: none
symbol engine: initialized successfully - sym options: 0x614 - pdb path: .;C:\Program Files\Java\jdk-19\bin;C:\Windows\SYSTEM32;C:\Windows\WinSxS\amd64_microsoft.windows.common-controls_6595b64144ccf1df_6.0.22621.608_none_a9444ca7c10bb01d;C:\Program Files\Java\jdk-19\bin\server;C:\Program Files\JetBrains\IntelliJ IDEA 2022.3.2\bin

VM Arguments:
jvm_args: -javaagent:C:\Program Files\JetBrains\IntelliJ IDEA 2022.3.2\lib\idea_rt.jar=61048:C:\Program Files\JetBrains\IntelliJ IDEA 2022.3.2\bin -Dfile.encoding=UTF-8 -Dsun.stdout.encoding=UTF-8 -Dsun.stderr.encoding=UTF-8 
java_command: com.hotelManagementSystem.HotelManagementSys
java_class_path (initial): C:\Hotel-Management-System\hotel management\Hotel Management System\out\production\Hotel Management System;C:\Hotel-Management-System\hotel management\mysql-connector-java-8.0.28.jar
Launcher Type: SUN_STANDARD

[Global flags]
     intx CICompilerCount                          = 4                                         {product} {ergonomic}
     uint ConcGCThreads                            = 2                                         {product} {ergonomic}
     uint G1ConcRefinementThreads                  = 8                                         {product} {ergonomic}
   size_t G1HeapRegionSize                         = 2097152                                   {product} {ergonomic}
    uintx GCDrainStackTargetSize                   = 64                                        {product} {ergonomic}
   size_t InitialHeapSize                          = 266338304                                 {product} {ergonomic}
   size_t MarkStackSize                            = 4194304                                   {product} {ergonomic}
   size_t MaxHeapSize                              = 4244635648                                {product} {ergonomic}
   size_t MaxNewSize                               = 2545942528                                {product} {ergonomic}
   size_t MinHeapDeltaBytes                        = 2097152                                   {product} {ergonomic}
   size_t MinHeapSize                              = 8388608                                   {product} {ergonomic}
    uintx NonNMethodCodeHeapSize                   = 5839372                                {pd product} {ergonomic}
    uintx NonProfiledCodeHeapSize                  = 122909434                              {pd product} {ergonomic}
    uintx ProfiledCodeHeapSize                     = 122909434                              {pd product} {ergonomic}
    uintx ReservedCodeCacheSize                    = 251658240                              {pd product} {ergonomic}
     bool SegmentedCodeCache                       = true                                      {product} {ergonomic}
   size_t SoftMaxHeapSize                          = 4244635648                             {manageable} {ergonomic}
     bool UseCompressedClassPointers               = true                           {product lp64_product} {ergonomic}
     bool UseCompressedOops                        = true                           {product lp64_product} {ergonomic}
     bool UseG1GC                                  = true                                      {product} {ergonomic}
     bool UseLargePagesIndividualAllocation        = false                                  {pd product} {ergonomic}

Logging:
Log output configuration:
 #0: stdout all=warning uptime,level,tags foldmultilines=false
 #1: stderr all=off uptime,level,tags foldmultilines=false

Environment Variables:
PATH=C:\Program Files\Common Files\Oracle\Java\javapath;C:\Program Files (x86)\Common Files\Oracle\Java\javapath;C:\Windows\system32;C:\Windows;C:\Windows\System32\Wbem;C:\Windows\System32\WindowsPowerShell\v1.0\;C:\Windows\System32\OpenSSH\;C:\Program Files\nodejs\;C:\Program Files\Git\cmd;C:\MinGW\bin;C:\Program Files (x86)\Microsoft SQL Server\160\Tools\Binn\;C:\Program Files\Microsoft SQL Server\160\Tools\Binn\;C:\Program Files\Microsoft SQL Server\Client SDK\ODBC\170\Tools\Binn\;C:\Program Files\Microsoft SQL Server\160\DTS\Binn\;C:\Program Files (x86)\Microsoft SQL Server\160\DTS\Binn\;C:\Program Files\Azure Data Studio\bin;C:\Program Files\MySQL\MySQL Shell 8.0\bin\;C:\Users\thien\AppData\Local\Programs\Python\Python311\Scripts\;C:\Users\thien\AppData\Local\Programs\Python\Python311\;C:\Users\thien\AppData\Local\Microsoft\WindowsApps;;C:\Users\thien\AppData\Local\Programs\Microsoft VS Code\bin;C:\Users\thien\AppData\Roaming\npm;C:\Program Files\Azure Data Studio\bin
USERNAME=thien
OS=Windows_NT
PROCESSOR_IDENTIFIER=Intel64 Family 6 Model 142 Stepping 12, GenuineIntel
TMP=C:\Users\thien\AppData\Local\Temp
TEMP=C:\Users\thien\AppData\Local\Temp



---------------  S Y S T E M  ---------------

OS:
 Windows 11 , 64 bit Build 22621 (10.0.22621.1194)
OS uptime: 2 days 7:08 hours

CPU: total 8 (initial active 8) (4 cores per cpu, 2 threads per core) family 6 model 142 stepping 12 microcode 0xec, cx8, cmov, fxsr, ht, mmx, 3dnowpref, sse, sse2, sse3, ssse3, sse4.1, sse4.2, popcnt, lzcnt, tsc, tscinvbit, avx, avx2, aes, erms, clmul, bmi1, bmi2, adx, fma, vzeroupper, clflush, clflushopt, rdtscp

Memory: 4k page, system-wide physical 16190M (7405M free)
TotalPageFile size 18622M (AvailPageFile size 5382M)
current process WorkingSet (physical memory assigned to process): 81M, peak: 81M
current process commit charge ("private bytes"): 351M, peak: 351M

vm_info: Java HotSpot(TM) 64-Bit Server VM (19.0.2+7-44) for windows-amd64 JRE (19.0.2+7-44), built on 2022-11-30T18:02:09Z by "mach5one" with MS VC++ 17.1 (VS2022)

END.
